<?xml version="1.0" encoding="UTF-8"?>
<!-- Generated by org.testng.reporters.JUnitReportReporter -->
<testsuite hostname="DESKTOP-U8GNURG" failures="0" tests="1" name="testCases.TC02_Test2" time="41.662" errors="0" timestamp="2025-03-02T22:56:44 GMT-05:00" skipped="0">
  <testcase classname="testCases.TC02_Test2" name="VerifyCenter" time="41.662"/>
</testsuite> <!-- testCases.TC02_Test2 -->
