<?xml version="1.0" encoding="UTF-8"?>
<!-- Generated by org.testng.reporters.JUnitReportReporter -->
<testsuite hostname="DESKTOP-U8GNURG" failures="0" tests="1" name="testCases.TC01_Test1" time="13.239" errors="0" timestamp="2025-03-02T22:56:44 GMT-05:00" skipped="0">
  <testcase classname="testCases.TC01_Test1" name="verify_text" time="13.239"/>
</testsuite> <!-- testCases.TC01_Test1 -->
